ERROR:2023-10-31 09:06:36:Usuario NO creado: angeldsh
ERROR:2023-10-31 09:06:55:Usuario NO creado: angeldsh
ERROR:2023-10-31 09:11:44:Usuario NO creado: angeldsh
ERROR:2023-10-31 09:13:35:Usuario NO creado: angeldsh
ERROR:2023-10-31 09:13:44:Usuario NO creado: angeldsh
ERROR:2023-10-31 09:13:59:Usuario NO creado: angeldsh
ERROR:2023-10-31 09:14:13:Usuario NO creado: angeldsh
INFO:2023-10-31 09:16:01:Usuario creado: angeldsh
ERROR:2023-10-31 09:16:32:Usuario NO creado: angeldsh
INFO:2023-10-31 09:26:48:Usuario creado: angelhd23fsda
INFO:2023-10-31 09:27:14:Usuario creado: tjpatt213@gmail.com
INFO:2023-10-31 09:27:39:Usuario creado: tjpatt213@gmail.comfsdfa
ERROR:2023-10-31 09:28:05:Usuario NO creado: angelhd23fasdfasdf
INFO:2023-10-31 09:28:31:Usuario creado: angeldshafdss
ERROR:2023-10-31 09:33:50:Usuario NO creado: angeldshafdss
ERROR:2023-10-31 10:14:39:Usuario NO creado: angeldsh321221
ERROR:2023-10-31 10:25:30:Usuario NO creado: angeldsh
ERROR:2023-10-31 12:49:57:Usuario NO creado: angeldshvzxcvzx
INFO:2023-10-31 12:49:59:Usuario creado: angeldshvzxcvzx
INFO:2023-10-31 13:01:12:Usuario creado: angeldshfgn
INFO:2023-10-31 13:06:51:Usuario creado: angeldshvzxcvzxc
