ERROR:2023-11-18 12:58:48:Viaje NO creado
ERROR:2023-11-18 12:59:11:Viaje NO creado
ERROR:2023-11-18 13:02:21:Viaje NO creado
DEBUG:2023-11-18 13:39:24:Acceso correcto
INFO:2023-11-18 13:39:24:Acceso con código correcto
DEBUG:2023-11-18 13:39:31:Acceso correcto
INFO:2023-11-18 13:39:31:Acceso con código correcto
DEBUG:2023-11-18 13:41:41:Acceso correcto
INFO:2023-11-18 13:41:41:Acceso con código correcto
DEBUG:2023-11-18 13:43:23:Acceso correcto
INFO:2023-11-18 13:43:23:Acceso con código correcto
DEBUG:2023-11-18 13:44:21:Acceso correcto
INFO:2023-11-18 13:44:21:Acceso con código correcto
DEBUG:2023-11-18 13:46:03:Acceso correcto
INFO:2023-11-18 13:46:03:Acceso con código correcto
DEBUG:2023-11-18 13:46:25:Acceso correcto
INFO:2023-11-18 13:46:25:Acceso con código correcto
DEBUG:2023-11-18 13:47:45:Acceso correcto
INFO:2023-11-18 13:47:45:Acceso con código correcto
DEBUG:2023-11-18 14:09:51:Acceso correcto
INFO:2023-11-18 14:09:51:Acceso con código correcto
DEBUG:2023-11-18 14:11:10:Acceso correcto
INFO:2023-11-18 14:11:10:Acceso con código correcto
DEBUG:2023-11-18 15:46:09:Acceso correcto
INFO:2023-11-18 15:46:10:Acceso con código correcto
DEBUG:2023-11-18 15:49:53:Acceso correcto
INFO:2023-11-18 15:49:53:Acceso con código correcto
DEBUG:2023-11-18 15:50:14:Acceso correcto
INFO:2023-11-18 15:50:14:Acceso con código correcto
DEBUG:2023-11-18 15:50:46:Acceso correcto
INFO:2023-11-18 15:50:46:Acceso con código correcto
DEBUG:2023-11-18 15:50:48:Acceso correcto
INFO:2023-11-18 15:50:48:Acceso con código correcto
DEBUG:2023-11-18 15:54:24:Acceso correcto
INFO:2023-11-18 15:54:24:Acceso con código correcto
DEBUG:2023-11-18 15:54:34:Acceso correcto
INFO:2023-11-18 15:54:34:Acceso con código correcto
DEBUG:2023-11-18 15:54:43:Acceso correcto
INFO:2023-11-18 15:54:43:Acceso con código correcto
DEBUG:2023-11-18 15:55:33:Acceso correcto
INFO:2023-11-18 15:55:33:Acceso con código correcto
DEBUG:2023-11-18 15:55:46:Acceso correcto
INFO:2023-11-18 15:55:46:Acceso con código correcto
DEBUG:2023-11-18 15:56:28:Acceso correcto
INFO:2023-11-18 15:56:28:Acceso con código correcto
DEBUG:2023-11-18 15:56:33:Acceso correcto
INFO:2023-11-18 15:56:33:Acceso con código correcto
DEBUG:2023-11-18 15:56:36:Acceso correcto
INFO:2023-11-18 15:56:36:Acceso con código correcto
DEBUG:2023-11-18 15:56:38:Acceso correcto
INFO:2023-11-18 15:56:38:Acceso con código correcto
DEBUG:2023-11-18 15:56:41:Acceso correcto
INFO:2023-11-18 15:56:41:Acceso con código correcto
DEBUG:2023-11-18 15:56:44:Acceso correcto
INFO:2023-11-18 15:56:44:Acceso con código correcto
DEBUG:2023-11-18 15:56:46:Acceso correcto
INFO:2023-11-18 15:56:46:Acceso con código correcto
DEBUG:2023-11-18 15:56:49:Acceso correcto
INFO:2023-11-18 15:56:49:Acceso con código correcto
DEBUG:2023-11-18 15:57:03:Acceso correcto
INFO:2023-11-18 15:57:03:Acceso con código correcto
DEBUG:2023-11-18 15:57:12:Acceso correcto
INFO:2023-11-18 15:57:12:Acceso con código correcto
DEBUG:2023-11-18 15:57:16:Acceso correcto
INFO:2023-11-18 15:57:16:Acceso con código correcto
DEBUG:2023-11-18 15:57:29:Acceso correcto
INFO:2023-11-18 15:57:29:Acceso con código correcto
DEBUG:2023-11-18 15:57:53:Acceso correcto
INFO:2023-11-18 15:57:54:Acceso con código correcto
DEBUG:2023-11-18 15:57:56:Acceso correcto
INFO:2023-11-18 15:57:56:Acceso con código correcto
DEBUG:2023-11-18 17:40:10:Acceso correcto
INFO:2023-11-18 17:40:10:Acceso con código correcto
DEBUG:2023-11-18 17:43:55:Acceso correcto
INFO:2023-11-18 17:43:55:Acceso con código correcto
DEBUG:2023-11-18 18:36:18:Acceso correcto
INFO:2023-11-18 18:36:18:Acceso con username correcto
DEBUG:2023-11-18 18:54:40:Acceso correcto
INFO:2023-11-18 18:54:40:Acceso con código correcto
DEBUG:2023-11-18 18:55:02:Acceso correcto
INFO:2023-11-18 18:55:02:Acceso con código correcto
DEBUG:2023-11-18 18:55:08:Acceso correcto
INFO:2023-11-18 18:55:08:Acceso con código correcto
DEBUG:2023-11-18 18:56:34:Acceso correcto
INFO:2023-11-18 18:56:34:Acceso con código correcto
DEBUG:2023-11-18 18:58:05:Acceso correcto
INFO:2023-11-18 18:58:05:Acceso con código correcto
DEBUG:2023-11-18 19:36:26:Acceso correcto
INFO:2023-11-18 19:36:27:Acceso con código correcto
DEBUG:2023-11-18 19:37:16:Acceso correcto
INFO:2023-11-18 19:37:16:Acceso con username correcto
DEBUG:2023-11-18 19:37:37:Acceso correcto
INFO:2023-11-18 19:37:37:Acceso con username correcto
DEBUG:2023-11-18 19:39:08:Acceso correcto
INFO:2023-11-18 19:39:08:Acceso con username correcto
DEBUG:2023-11-18 19:39:13:Acceso correcto
INFO:2023-11-18 19:39:13:Acceso con username correcto
DEBUG:2023-11-18 20:20:37:Acceso correcto
INFO:2023-11-18 20:20:37:Acceso con username correcto
DEBUG:2023-11-18 20:23:34:Acceso correcto
INFO:2023-11-18 20:23:34:Acceso con username correcto
DEBUG:2023-11-18 20:25:42:Acceso correcto
INFO:2023-11-18 20:25:42:Acceso con username correcto
DEBUG:2023-11-18 20:28:54:Acceso correcto
INFO:2023-11-18 20:28:54:Acceso con username correcto
DEBUG:2023-11-18 20:29:12:Acceso correcto
INFO:2023-11-18 20:29:12:Acceso con username correcto
DEBUG:2023-11-18 20:30:23:Acceso correcto
INFO:2023-11-18 20:30:23:Acceso con username correcto
INFO:2023-11-18 20:30:41:Usuario creado: angel2133
DEBUG:2023-11-18 20:31:59:Acceso correcto
INFO:2023-11-18 20:31:59:Acceso con username correcto
DEBUG:2023-11-18 20:34:20:Acceso correcto
INFO:2023-11-18 20:34:20:Acceso con username correcto
DEBUG:2023-11-18 20:43:14:Acceso correcto
INFO:2023-11-18 20:43:14:Acceso con username correcto
DEBUG:2023-11-18 20:46:05:Acceso correcto
INFO:2023-11-18 20:46:05:Acceso con username correcto
DEBUG:2023-11-18 20:51:21:Acceso correcto
INFO:2023-11-18 20:51:21:Acceso con username correcto
DEBUG:2023-11-18 20:53:06:Acceso correcto
INFO:2023-11-18 20:53:06:Acceso con username correcto
DEBUG:2023-11-18 20:53:11:Acceso correcto
INFO:2023-11-18 20:53:11:Acceso con username correcto
DEBUG:2023-11-18 20:53:13:Acceso correcto
INFO:2023-11-18 20:53:13:Acceso con username correcto
DEBUG:2023-11-18 20:53:21:Acceso correcto
INFO:2023-11-18 20:53:21:Acceso con username correcto
DEBUG:2023-11-18 21:03:53:Acceso correcto
INFO:2023-11-18 21:03:53:Acceso con username correcto
DEBUG:2023-11-18 21:04:42:Acceso correcto
INFO:2023-11-18 21:04:42:Acceso con username correcto
DEBUG:2023-11-18 21:06:00:Acceso correcto
INFO:2023-11-18 21:06:00:Acceso con username correcto
